<?xml version="1.0" encoding="UTF-8"?>
<!-- Generated by org.testng.reporters.JUnitReportReporter -->
<testsuite skipped="0" hostname="DESKTOP-4SQ87FT" name="testcase_success.Test_Task_create" tests="1" failures="0" timestamp="15 Jun 2021 06:46:57 GMT" time="0.015" errors="0">
  <testcase name="createtask" time="0.015" classname="testcase_success.Test_Task_create"/>
</testsuite> <!-- testcase_success.Test_Task_create -->
